Sat Nov 17 14:37:51 2018 Calling GetExchanges
Sat Nov 17 14:37:51 2018 Called GetExchanges
Sat Nov 17 14:37:51 2018 Calling GetExchanges
Sat Nov 17 14:37:51 2018 Called GetExchanges
Sat Nov 17 14:37:51 2018 Calling GetExchanges
Sat Nov 17 14:37:51 2018 Called GetExchanges
Sat Nov 17 14:46:27 2018 BCast DD Disconnection
Sat Nov 17 14:46:27 2018 Int DD Disconnection
Sat Nov 17 14:46:27 2018 BCast DD Re-Connected
Sat Nov 17 14:46:27 2018 Int DD Re Connected
Sat Nov 17 16:17:51 2018 BCast DD Disconnection
Sat Nov 17 16:17:53 2018 Int DD Disconnection
Sat Nov 17 16:22:50 2018 BCast DD Re-Connected
Sat Nov 17 16:22:53 2018 Int DD Re Connected
Sat Nov 17 16:48:41 2018 BCast DD Disconnection
Sat Nov 17 16:48:41 2018 BCast DD Re-Connected
Sat Nov 17 16:49:04 2018 Int DD Disconnection
Sat Nov 17 16:49:05 2018 Int DD Re Connected
Sat Nov 17 17:10:55 2018 BCast DD Disconnection
Sat Nov 17 17:10:59 2018 Int DD Disconnection
Sat Nov 17 17:11:41 2018 BCast DD Re-Connected
Sat Nov 17 17:11:41 2018 Int DD Re Connected
Sun Nov 18 10:20:55 2018 BCast DD Disconnection
Sun Nov 18 10:20:55 2018 Int DD Disconnection
Sun Nov 18 10:20:59 2018 BCast DD Re-Connected
Sun Nov 18 10:20:59 2018 Int DD Re Connected
